<?xml version="1.0" encoding="UTF-8"?>
<testsuite name="Cucumber" time="4.183" tests="1" skipped="0" failures="0" errors="0">
<testcase classname="Validating the Google Place APIs" name="verify of the place is being successfully added using the AddPlaceAPI" time="3.985">
<system-out><![CDATA[
Given Add Place Payload.....................................................passed
When user calls "AddPlaceAPI" with POST http request........................passed
Then the API call got success with status code 200..........................passed
And "status" in response body is "OK".......................................passed
And "scope" in response body is "APP".......................................passed
]]></system-out>
</testcase>
</testsuite>
